# JRE version: OpenJDK Runtime Environment (8.0_242-b01) (build 1.8.0_242-release-1644-b01)
# Java VM: OpenJDK 64-Bit Server VM (25.242-b01 mixed mode windows-amd64 compressed oops)
Heap:
 PSYoungGen      total 162304K, used 53701K [0x00000000d5580000, 0x00000000e1f00000, 0x0000000100000000)
  eden space 137728K, 38% used [0x00000000d5580000,0x00000000d89f1468,0x00000000ddc00000)
  from space 24576K, 0% used [0x00000000e0700000,0x00000000e0700000,0x00000000e1f00000)
  to   space 16896K, 0% used [0x00000000ddc00000,0x00000000ddc00000,0x00000000dec80000)
 ParOldGen       total 233472K, used 137801K [0x0000000080000000, 0x000000008e400000, 0x00000000d5580000)
  object space 233472K, 59% used [0x0000000080000000,0x0000000088692438,0x000000008e400000)
 Metaspace       used 68161K, capacity 71194K, committed 71640K, reserved 1112064K
  class space    used 9231K, capacity 9852K, committed 9984K, reserved 1048576K
GC Heap History (10 events):
Event: 54.079 GC heap before
{Heap before GC invocations=16 (full 3):
 PSYoungGen      total 129024K, used 14051K [0x00000000d5580000, 0x00000000e0100000, 0x0000000100000000)
  eden space 114688K, 0% used [0x00000000d5580000,0x00000000d5580000,0x00000000dc580000)
  from space 14336K, 98% used [0x00000000dc580000,0x00000000dd338fa0,0x00000000dd380000)
  to   space 16384K, 0% used [0x00000000df100000,0x00000000df100000,0x00000000e0100000)
 ParOldGen       total 81408K, used 26819K [0x0000000080000000, 0x0000000084f80000, 0x00000000d5580000)
  object space 81408K, 32% used [0x0000000080000000,0x0000000081a30f40,0x0000000084f80000)
 Metaspace       used 56545K, capacity 58840K, committed 58968K, reserved 1099776K
  class space    used 7739K, capacity 8227K, committed 8320K, reserved 1048576K
Event: 54.542 GC heap after
Heap after GC invocations=16 (full 3):
 PSYoungGen      total 129024K, used 0K [0x00000000d5580000, 0x00000000e0100000, 0x0000000100000000)
  eden space 114688K, 0% used [0x00000000d5580000,0x00000000d5580000,0x00000000dc580000)
  from space 14336K, 0% used [0x00000000dc580000,0x00000000dc580000,0x00000000dd380000)
  to   space 16384K, 0% used [0x00000000df100000,0x00000000df100000,0x00000000e0100000)
 ParOldGen       total 130048K, used 36739K [0x0000000080000000, 0x0000000087f00000, 0x00000000d5580000)
  object space 130048K, 28% used [0x0000000080000000,0x00000000823e0d00,0x0000000087f00000)
 Metaspace       used 56530K, capacity 58792K, committed 58968K, reserved 1099776K
  class space    used 7734K, capacity 8219K, committed 8320K, reserved 1048576K
}
Event: 98.357 GC heap before
{Heap before GC invocations=17 (full 3):
 PSYoungGen      total 129024K, used 114519K [0x00000000d5580000, 0x00000000e0100000, 0x0000000100000000)
  eden space 114688K, 99% used [0x00000000d5580000,0x00000000dc555ef8,0x00000000dc580000)
  from space 14336K, 0% used [0x00000000dc580000,0x00000000dc580000,0x00000000dd380000)
  to   space 16384K, 0% used [0x00000000df100000,0x00000000df100000,0x00000000e0100000)
 ParOldGen       total 130048K, used 36739K [0x0000000080000000, 0x0000000087f00000, 0x00000000d5580000)
  object space 130048K, 28% used [0x0000000080000000,0x00000000823e0d00,0x0000000087f00000)
 Metaspace       used 63331K, capacity 66328K, committed 66520K, reserved 1105920K
  class space    used 8803K, capacity 9367K, committed 9472K, reserved 1048576K
Event: 98.386 GC heap after
Heap after GC invocations=17 (full 3):
 PSYoungGen      total 147968K, used 12178K [0x00000000d5580000, 0x00000000dfd00000, 0x0000000100000000)
  eden space 135680K, 0% used [0x00000000d5580000,0x00000000d5580000,0x00000000dda00000)
  from space 12288K, 99% used [0x00000000df100000,0x00000000dfce4958,0x00000000dfd00000)
  to   space 16896K, 0% used [0x00000000ddc00000,0x00000000ddc00000,0x00000000dec80000)
 ParOldGen       total 130048K, used 36747K [0x0000000080000000, 0x0000000087f00000, 0x00000000d5580000)
  object space 130048K, 28% used [0x0000000080000000,0x00000000823e2d00,0x0000000087f00000)
 Metaspace       used 63331K, capacity 66328K, committed 66520K, reserved 1105920K
  class space    used 8803K, capacity 9367K, committed 9472K, reserved 1048576K
}
Event: 154.296 GC heap before
{Heap before GC invocations=18 (full 3):
 PSYoungGen      total 147968K, used 147858K [0x00000000d5580000, 0x00000000dfd00000, 0x0000000100000000)
  eden space 135680K, 100% used [0x00000000d5580000,0x00000000dda00000,0x00000000dda00000)
  from space 12288K, 99% used [0x00000000df100000,0x00000000dfce4958,0x00000000dfd00000)
  to   space 16896K, 0% used [0x00000000ddc00000,0x00000000ddc00000,0x00000000dec80000)
 ParOldGen       total 130048K, used 36747K [0x0000000080000000, 0x0000000087f00000, 0x00000000d5580000)
  object space 130048K, 28% used [0x0000000080000000,0x00000000823e2d00,0x0000000087f00000)
 Metaspace       used 65286K, capacity 68284K, committed 68440K, reserved 1107968K
  class space    used 8966K, capacity 9555K, committed 9600K, reserved 1048576K
Event: 154.376 GC heap after
Heap after GC invocations=18 (full 3):
 PSYoungGen      total 154624K, used 16879K [0x00000000d5580000, 0x00000000e1f00000, 0x0000000100000000)
  eden space 137728K, 0% used [0x00000000d5580000,0x00000000d5580000,0x00000000ddc00000)
  from space 16896K, 99% used [0x00000000ddc00000,0x00000000dec7bc10,0x00000000dec80000)
  to   space 24576K, 0% used [0x00000000e0700000,0x00000000e0700000,0x00000000e1f00000)
 ParOldGen       total 130048K, used 50543K [0x0000000080000000, 0x0000000087f00000, 0x00000000d5580000)
  object space 130048K, 38% used [0x0000000080000000,0x000000008315bcf0,0x0000000087f00000)
 Metaspace       used 65286K, capacity 68284K, committed 68440K, reserved 1107968K
  class space    used 8966K, capacity 9555K, committed 9600K, reserved 1048576K
}
Event: 159.876 GC heap before
{Heap before GC invocations=19 (full 3):
 PSYoungGen      total 154624K, used 154607K [0x00000000d5580000, 0x00000000e1f00000, 0x0000000100000000)
  eden space 137728K, 100% used [0x00000000d5580000,0x00000000ddc00000,0x00000000ddc00000)
  from space 16896K, 99% used [0x00000000ddc00000,0x00000000dec7bc10,0x00000000dec80000)
  to   space 24576K, 0% used [0x00000000e0700000,0x00000000e0700000,0x00000000e1f00000)
 ParOldGen       total 130048K, used 50544K [0x0000000080000000, 0x0000000087f00000, 0x00000000d5580000)
  object space 130048K, 38% used [0x0000000080000000,0x000000008315c058,0x0000000087f00000)
 Metaspace       used 68192K, capacity 71322K, committed 71640K, reserved 1112064K
  class space    used 9245K, capacity 9876K, committed 9984K, reserved 1048576K
Event: 160.514 GC heap after
Heap after GC invocations=19 (full 3):
 PSYoungGen      total 162304K, used 17821K [0x00000000d5580000, 0x00000000e1f00000, 0x0000000100000000)
  eden space 137728K, 0% used [0x00000000d5580000,0x00000000d5580000,0x00000000ddc00000)
  from space 24576K, 72% used [0x00000000e0700000,0x00000000e18677f0,0x00000000e1f00000)
  to   space 16896K, 0% used [0x00000000ddc00000,0x00000000ddc00000,0x00000000dec80000)
 ParOldGen       total 233472K, used 222625K [0x0000000080000000, 0x000000008e400000, 0x00000000d5580000)
  object space 233472K, 95% used [0x0000000080000000,0x000000008d968448,0x000000008e400000)
 Metaspace       used 68192K, capacity 71322K, committed 71640K, reserved 1112064K
  class space    used 9245K, capacity 9876K, committed 9984K, reserved 1048576K
}
Event: 160.580 GC heap before
{Heap before GC invocations=20 (full 4):
 PSYoungGen      total 162304K, used 17821K [0x00000000d5580000, 0x00000000e1f00000, 0x0000000100000000)
  eden space 137728K, 0% used [0x00000000d5580000,0x00000000d5580000,0x00000000ddc00000)
  from space 24576K, 72% used [0x00000000e0700000,0x00000000e18677f0,0x00000000e1f00000)
  to   space 16896K, 0% used [0x00000000ddc00000,0x00000000ddc00000,0x00000000dec80000)
 ParOldGen       total 233472K, used 222625K [0x0000000080000000, 0x000000008e400000, 0x00000000d5580000)
  object space 233472K, 95% used [0x0000000080000000,0x000000008d968448,0x000000008e400000)
 Metaspace       used 68192K, capacity 71322K, committed 71640K, reserved 1112064K
  class space    used 9245K, capacity 9876K, committed 9984K, reserved 1048576K
Event: 160.991 GC heap after
Heap after GC invocations=20 (full 4):
 PSYoungGen      total 162304K, used 0K [0x00000000d5580000, 0x00000000e1f00000, 0x0000000100000000)
  eden space 137728K, 0% used [0x00000000d5580000,0x00000000d5580000,0x00000000ddc00000)
  from space 24576K, 0% used [0x00000000e0700000,0x00000000e0700000,0x00000000e1f00000)
  to   space 16896K, 0% used [0x00000000ddc00000,0x00000000ddc00000,0x00000000dec80000)
 ParOldGen       total 233472K, used 137801K [0x0000000080000000, 0x000000008e400000, 0x00000000d5580000)
  object space 233472K, 59% used [0x0000000080000000,0x0000000088692438,0x000000008e400000)
 Metaspace       used 68147K, capacity 71194K, committed 71640K, reserved 1112064K
  class space    used 9231K, capacity 9852K, committed 9984K, reserved 1048576K
}

