# JRE version: OpenJDK Runtime Environment (8.0_242-b01) (build 1.8.0_242-release-1644-b01)
# Java VM: OpenJDK 64-Bit Server VM (25.242-b01 mixed mode windows-amd64 compressed oops)
Heap:
 PSYoungGen      total 103424K, used 17083K [0x00000000d5580000, 0x00000000dc700000, 0x0000000100000000)
  eden space 91648K, 10% used [0x00000000d5580000,0x00000000d5f03d30,0x00000000daf00000)
  from space 11776K, 62% used [0x00000000dbb80000,0x00000000dc2ab1f8,0x00000000dc700000)
  to   space 12288K, 0% used [0x00000000daf00000,0x00000000daf00000,0x00000000dbb00000)
 ParOldGen       total 60928K, used 13245K [0x0000000080000000, 0x0000000083b80000, 0x00000000d5580000)
  object space 60928K, 21% used [0x0000000080000000,0x0000000080cef418,0x0000000083b80000)
 Metaspace       used 37144K, capacity 38708K, committed 39000K, reserved 1083392K
  class space    used 5111K, capacity 5432K, committed 5504K, reserved 1048576K
GC Heap History (10 events):
Event: 32.685 GC heap before
{Heap before GC invocations=10 (full 1):
 PSYoungGen      total 68096K, used 63859K [0x00000000d5580000, 0x00000000da600000, 0x0000000100000000)
  eden space 60928K, 100% used [0x00000000d5580000,0x00000000d9100000,0x00000000d9100000)
  from space 7168K, 40% used [0x00000000d9f00000,0x00000000da1dcf88,0x00000000da600000)
  to   space 10752K, 0% used [0x00000000d9100000,0x00000000d9100000,0x00000000d9b80000)
 ParOldGen       total 47616K, used 6655K [0x0000000080000000, 0x0000000082e80000, 0x00000000d5580000)
  object space 47616K, 13% used [0x0000000080000000,0x000000008067fcc0,0x0000000082e80000)
 Metaspace       used 31069K, capacity 31992K, committed 32128K, reserved 1077248K
  class space    used 4209K, capacity 4433K, committed 4480K, reserved 1048576K
Event: 32.704 GC heap after
Heap after GC invocations=10 (full 1):
 PSYoungGen      total 71680K, used 9058K [0x00000000d5580000, 0x00000000dc700000, 0x0000000100000000)
  eden space 60928K, 0% used [0x00000000d5580000,0x00000000d5580000,0x00000000d9100000)
  from space 10752K, 84% used [0x00000000d9100000,0x00000000d99d8ac0,0x00000000d9b80000)
  to   space 11776K, 0% used [0x00000000dbb80000,0x00000000dbb80000,0x00000000dc700000)
 ParOldGen       total 47616K, used 6663K [0x0000000080000000, 0x0000000082e80000, 0x00000000d5580000)
  object space 47616K, 13% used [0x0000000080000000,0x0000000080681cc0,0x0000000082e80000)
 Metaspace       used 31069K, capacity 31992K, committed 32128K, reserved 1077248K
  class space    used 4209K, capacity 4433K, committed 4480K, reserved 1048576K
}
Event: 35.377 GC heap before
{Heap before GC invocations=11 (full 1):
 PSYoungGen      total 71680K, used 69986K [0x00000000d5580000, 0x00000000dc700000, 0x0000000100000000)
  eden space 60928K, 100% used [0x00000000d5580000,0x00000000d9100000,0x00000000d9100000)
  from space 10752K, 84% used [0x00000000d9100000,0x00000000d99d8ac0,0x00000000d9b80000)
  to   space 11776K, 0% used [0x00000000dbb80000,0x00000000dbb80000,0x00000000dc700000)
 ParOldGen       total 47616K, used 6663K [0x0000000080000000, 0x0000000082e80000, 0x00000000d5580000)
  object space 47616K, 13% used [0x0000000080000000,0x0000000080681cc0,0x0000000082e80000)
 Metaspace       used 34221K, capacity 35364K, committed 35416K, reserved 1079296K
  class space    used 4710K, capacity 4969K, committed 4992K, reserved 1048576K
Event: 35.400 GC heap after
Heap after GC invocations=11 (full 1):
 PSYoungGen      total 103424K, used 8769K [0x00000000d5580000, 0x00000000dc700000, 0x0000000100000000)
  eden space 91648K, 0% used [0x00000000d5580000,0x00000000d5580000,0x00000000daf00000)
  from space 11776K, 74% used [0x00000000dbb80000,0x00000000dc410618,0x00000000dc700000)
  to   space 12288K, 0% used [0x00000000daf00000,0x00000000daf00000,0x00000000dbb00000)
 ParOldGen       total 47616K, used 7396K [0x0000000080000000, 0x0000000082e80000, 0x00000000d5580000)
  object space 47616K, 15% used [0x0000000080000000,0x0000000080739258,0x0000000082e80000)
 Metaspace       used 34221K, capacity 35364K, committed 35416K, reserved 1079296K
  class space    used 4710K, capacity 4969K, committed 4992K, reserved 1048576K
}
Event: 35.440 GC heap before
{Heap before GC invocations=12 (full 1):
 PSYoungGen      total 103424K, used 10510K [0x00000000d5580000, 0x00000000dc700000, 0x0000000100000000)
  eden space 91648K, 1% used [0x00000000d5580000,0x00000000d57334e8,0x00000000daf00000)
  from space 11776K, 74% used [0x00000000dbb80000,0x00000000dc410618,0x00000000dc700000)
  to   space 12288K, 0% used [0x00000000daf00000,0x00000000daf00000,0x00000000dbb00000)
 ParOldGen       total 47616K, used 7396K [0x0000000080000000, 0x0000000082e80000, 0x00000000d5580000)
  object space 47616K, 15% used [0x0000000080000000,0x0000000080739258,0x0000000082e80000)
 Metaspace       used 34247K, capacity 35364K, committed 35416K, reserved 1079296K
  class space    used 4714K, capacity 4969K, committed 4992K, reserved 1048576K
Event: 35.456 GC heap after
Heap after GC invocations=12 (full 1):
 PSYoungGen      total 103936K, used 160K [0x00000000d5580000, 0x00000000dc700000, 0x0000000100000000)
  eden space 91648K, 0% used [0x00000000d5580000,0x00000000d5580000,0x00000000daf00000)
  from space 12288K, 1% used [0x00000000daf00000,0x00000000daf28000,0x00000000dbb00000)
  to   space 11776K, 0% used [0x00000000dbb80000,0x00000000dbb80000,0x00000000dc700000)
 ParOldGen       total 47616K, used 13404K [0x0000000080000000, 0x0000000082e80000, 0x00000000d5580000)
  object space 47616K, 28% used [0x0000000080000000,0x0000000080d17178,0x0000000082e80000)
 Metaspace       used 34247K, capacity 35364K, committed 35416K, reserved 1079296K
  class space    used 4714K, capacity 4969K, committed 4992K, reserved 1048576K
}
Event: 35.456 GC heap before
{Heap before GC invocations=13 (full 2):
 PSYoungGen      total 103936K, used 160K [0x00000000d5580000, 0x00000000dc700000, 0x0000000100000000)
  eden space 91648K, 0% used [0x00000000d5580000,0x00000000d5580000,0x00000000daf00000)
  from space 12288K, 1% used [0x00000000daf00000,0x00000000daf28000,0x00000000dbb00000)
  to   space 11776K, 0% used [0x00000000dbb80000,0x00000000dbb80000,0x00000000dc700000)
 ParOldGen       total 47616K, used 13404K [0x0000000080000000, 0x0000000082e80000, 0x00000000d5580000)
  object space 47616K, 28% used [0x0000000080000000,0x0000000080d17178,0x0000000082e80000)
 Metaspace       used 34247K, capacity 35364K, committed 35416K, reserved 1079296K
  class space    used 4714K, capacity 4969K, committed 4992K, reserved 1048576K
Event: 35.774 GC heap after
Heap after GC invocations=13 (full 2):
 PSYoungGen      total 103936K, used 0K [0x00000000d5580000, 0x00000000dc700000, 0x0000000100000000)
  eden space 91648K, 0% used [0x00000000d5580000,0x00000000d5580000,0x00000000daf00000)
  from space 12288K, 0% used [0x00000000daf00000,0x00000000daf00000,0x00000000dbb00000)
  to   space 11776K, 0% used [0x00000000dbb80000,0x00000000dbb80000,0x00000000dc700000)
 ParOldGen       total 60928K, used 13237K [0x0000000080000000, 0x0000000083b80000, 0x00000000d5580000)
  object space 60928K, 21% used [0x0000000080000000,0x0000000080ced418,0x0000000083b80000)
 Metaspace       used 34247K, capacity 35364K, committed 35416K, reserved 1079296K
  class space    used 4714K, capacity 4969K, committed 4992K, reserved 1048576K
}
Event: 55.667 GC heap before
{Heap before GC invocations=14 (full 2):
 PSYoungGen      total 103936K, used 91648K [0x00000000d5580000, 0x00000000dc700000, 0x0000000100000000)
  eden space 91648K, 100% used [0x00000000d5580000,0x00000000daf00000,0x00000000daf00000)
  from space 12288K, 0% used [0x00000000daf00000,0x00000000daf00000,0x00000000dbb00000)
  to   space 11776K, 0% used [0x00000000dbb80000,0x00000000dbb80000,0x00000000dc700000)
 ParOldGen       total 60928K, used 13237K [0x0000000080000000, 0x0000000083b80000, 0x00000000d5580000)
  object space 60928K, 21% used [0x0000000080000000,0x0000000080ced418,0x0000000083b80000)
 Metaspace       used 36753K, capacity 38250K, committed 38360K, reserved 1083392K
  class space    used 5052K, capacity 5362K, committed 5376K, reserved 1048576K
Event: 55.679 GC heap after
Heap after GC invocations=14 (full 2):
 PSYoungGen      total 103424K, used 7340K [0x00000000d5580000, 0x00000000dc700000, 0x0000000100000000)
  eden space 91648K, 0% used [0x00000000d5580000,0x00000000d5580000,0x00000000daf00000)
  from space 11776K, 62% used [0x00000000dbb80000,0x00000000dc2ab1f8,0x00000000dc700000)
  to   space 12288K, 0% used [0x00000000daf00000,0x00000000daf00000,0x00000000dbb00000)
 ParOldGen       total 60928K, used 13245K [0x0000000080000000, 0x0000000083b80000, 0x00000000d5580000)
  object space 60928K, 21% used [0x0000000080000000,0x0000000080cef418,0x0000000083b80000)
 Metaspace       used 36753K, capacity 38250K, committed 38360K, reserved 1083392K
  class space    used 5052K, capacity 5362K, committed 5376K, reserved 1048576K
}

