# JRE version: OpenJDK Runtime Environment (8.0_242-b01) (build 1.8.0_242-release-1644-b01)
# Java VM: OpenJDK 64-Bit Server VM (25.242-b01 mixed mode windows-amd64 compressed oops)
Heap:
 PSYoungGen      total 182272K, used 57164K [0x00000000d5580000, 0x00000000e2c80000, 0x0000000100000000)
  eden space 154624K, 36% used [0x00000000d5580000,0x00000000d8d53290,0x00000000dec80000)
  from space 27648K, 0% used [0x00000000dec80000,0x00000000dec80000,0x00000000e0780000)
  to   space 18944K, 0% used [0x00000000e0780000,0x00000000e0780000,0x00000000e1a00000)
 ParOldGen       total 186368K, used 104627K [0x0000000080000000, 0x000000008b600000, 0x00000000d5580000)
  object space 186368K, 56% used [0x0000000080000000,0x000000008662cc38,0x000000008b600000)
 Metaspace       used 68396K, capacity 71466K, committed 71896K, reserved 1112064K
  class space    used 9256K, capacity 9878K, committed 9984K, reserved 1048576K
GC Heap History (10 events):
Event: 64.445 GC heap before
{Heap before GC invocations=18 (full 3):
 PSYoungGen      total 152064K, used 135680K [0x00000000d5580000, 0x00000000e0980000, 0x0000000100000000)
  eden space 135680K, 100% used [0x00000000d5580000,0x00000000dda00000,0x00000000dda00000)
  from space 16384K, 0% used [0x00000000deb80000,0x00000000deb80000,0x00000000dfb80000)
  to   space 17920K, 0% used [0x00000000dda00000,0x00000000dda00000,0x00000000deb80000)
 ParOldGen       total 122880K, used 36418K [0x0000000080000000, 0x0000000087800000, 0x00000000d5580000)
  object space 122880K, 29% used [0x0000000080000000,0x0000000082390a60,0x0000000087800000)
 Metaspace       used 63154K, capacity 66048K, committed 66136K, reserved 1105920K
  class space    used 8745K, capacity 9287K, committed 9344K, reserved 1048576K
Event: 64.470 GC heap after
Heap after GC invocations=18 (full 3):
 PSYoungGen      total 153600K, used 13694K [0x00000000d5580000, 0x00000000e1a00000, 0x0000000100000000)
  eden space 135680K, 0% used [0x00000000d5580000,0x00000000d5580000,0x00000000dda00000)
  from space 17920K, 76% used [0x00000000dda00000,0x00000000de75fb48,0x00000000deb80000)
  to   space 18944K, 0% used [0x00000000e0780000,0x00000000e0780000,0x00000000e1a00000)
 ParOldGen       total 122880K, used 36426K [0x0000000080000000, 0x0000000087800000, 0x00000000d5580000)
  object space 122880K, 29% used [0x0000000080000000,0x0000000082392a60,0x0000000087800000)
 Metaspace       used 63154K, capacity 66048K, committed 66136K, reserved 1105920K
  class space    used 8745K, capacity 9287K, committed 9344K, reserved 1048576K
}
Event: 71.035 GC heap before
{Heap before GC invocations=19 (full 3):
 PSYoungGen      total 153600K, used 149052K [0x00000000d5580000, 0x00000000e1a00000, 0x0000000100000000)
  eden space 135680K, 99% used [0x00000000d5580000,0x00000000dd9af588,0x00000000dda00000)
  from space 17920K, 76% used [0x00000000dda00000,0x00000000de75fb48,0x00000000deb80000)
  to   space 18944K, 0% used [0x00000000e0780000,0x00000000e0780000,0x00000000e1a00000)
 ParOldGen       total 122880K, used 36426K [0x0000000080000000, 0x0000000087800000, 0x00000000d5580000)
  object space 122880K, 29% used [0x0000000080000000,0x0000000082392a60,0x0000000087800000)
 Metaspace       used 65669K, capacity 68748K, committed 69080K, reserved 1107968K
  class space    used 9005K, capacity 9607K, committed 9728K, reserved 1048576K
Event: 71.142 GC heap after
Heap after GC invocations=19 (full 3):
 PSYoungGen      total 173568K, used 18913K [0x00000000d5580000, 0x00000000e2c80000, 0x0000000100000000)
  eden space 154624K, 0% used [0x00000000d5580000,0x00000000d5580000,0x00000000dec80000)
  from space 18944K, 99% used [0x00000000e0780000,0x00000000e19f8540,0x00000000e1a00000)
  to   space 27648K, 0% used [0x00000000dec80000,0x00000000dec80000,0x00000000e0780000)
 ParOldGen       total 122880K, used 51705K [0x0000000080000000, 0x0000000087800000, 0x00000000d5580000)
  object space 122880K, 42% used [0x0000000080000000,0x000000008327e578,0x0000000087800000)
 Metaspace       used 65669K, capacity 68748K, committed 69080K, reserved 1107968K
  class space    used 9005K, capacity 9607K, committed 9728K, reserved 1048576K
}
Event: 74.654 GC heap before
{Heap before GC invocations=20 (full 3):
 PSYoungGen      total 173568K, used 173537K [0x00000000d5580000, 0x00000000e2c80000, 0x0000000100000000)
  eden space 154624K, 100% used [0x00000000d5580000,0x00000000dec80000,0x00000000dec80000)
  from space 18944K, 99% used [0x00000000e0780000,0x00000000e19f8540,0x00000000e1a00000)
  to   space 27648K, 0% used [0x00000000dec80000,0x00000000dec80000,0x00000000e0780000)
 ParOldGen       total 122880K, used 51718K [0x0000000080000000, 0x0000000087800000, 0x00000000d5580000)
  object space 122880K, 42% used [0x0000000080000000,0x0000000083281840,0x0000000087800000)
 Metaspace       used 68038K, capacity 71148K, committed 71256K, reserved 1110016K
  class space    used 9234K, capacity 9843K, committed 9856K, reserved 1048576K
Event: 75.766 GC heap after
Heap after GC invocations=20 (full 3):
 PSYoungGen      total 182272K, used 18671K [0x00000000d5580000, 0x00000000e2c80000, 0x0000000100000000)
  eden space 154624K, 0% used [0x00000000d5580000,0x00000000d5580000,0x00000000dec80000)
  from space 27648K, 67% used [0x00000000dec80000,0x00000000dfebbf18,0x00000000e0780000)
  to   space 18944K, 0% used [0x00000000e0780000,0x00000000e0780000,0x00000000e1a00000)
 ParOldGen       total 186368K, used 185553K [0x0000000080000000, 0x000000008b600000, 0x00000000d5580000)
  object space 186368K, 99% used [0x0000000080000000,0x000000008b534540,0x000000008b600000)
 Metaspace       used 68038K, capacity 71148K, committed 71256K, reserved 1110016K
  class space    used 9234K, capacity 9843K, committed 9856K, reserved 1048576K
}
Event: 75.879 GC heap before
{Heap before GC invocations=21 (full 4):
 PSYoungGen      total 182272K, used 18671K [0x00000000d5580000, 0x00000000e2c80000, 0x0000000100000000)
  eden space 154624K, 0% used [0x00000000d5580000,0x00000000d5580000,0x00000000dec80000)
  from space 27648K, 67% used [0x00000000dec80000,0x00000000dfebbf18,0x00000000e0780000)
  to   space 18944K, 0% used [0x00000000e0780000,0x00000000e0780000,0x00000000e1a00000)
 ParOldGen       total 186368K, used 185553K [0x0000000080000000, 0x000000008b600000, 0x00000000d5580000)
  object space 186368K, 99% used [0x0000000080000000,0x000000008b534540,0x000000008b600000)
 Metaspace       used 68038K, capacity 71148K, committed 71256K, reserved 1110016K
  class space    used 9234K, capacity 9843K, committed 9856K, reserved 1048576K
Event: 78.360 GC heap after
Heap after GC invocations=21 (full 4):
 PSYoungGen      total 182272K, used 0K [0x00000000d5580000, 0x00000000e2c80000, 0x0000000100000000)
  eden space 154624K, 0% used [0x00000000d5580000,0x00000000d5580000,0x00000000dec80000)
  from space 27648K, 0% used [0x00000000dec80000,0x00000000dec80000,0x00000000e0780000)
  to   space 18944K, 0% used [0x00000000e0780000,0x00000000e0780000,0x00000000e1a00000)
 ParOldGen       total 186368K, used 141506K [0x0000000080000000, 0x000000008b600000, 0x00000000d5580000)
  object space 186368K, 75% used [0x0000000080000000,0x0000000088a30848,0x000000008b600000)
 Metaspace       used 67964K, capacity 70934K, committed 71256K, reserved 1110016K
  class space    used 9209K, capacity 9800K, committed 9856K, reserved 1048576K
}
Event: 80.734 GC heap before
{Heap before GC invocations=22 (full 5):
 PSYoungGen      total 182272K, used 154624K [0x00000000d5580000, 0x00000000e2c80000, 0x0000000100000000)
  eden space 154624K, 100% used [0x00000000d5580000,0x00000000dec80000,0x00000000dec80000)
  from space 27648K, 0% used [0x00000000dec80000,0x00000000dec80000,0x00000000e0780000)
  to   space 18944K, 0% used [0x00000000e0780000,0x00000000e0780000,0x00000000e1a00000)
 ParOldGen       total 186368K, used 141761K [0x0000000080000000, 0x000000008b600000, 0x00000000d5580000)
  object space 186368K, 76% used [0x0000000080000000,0x0000000088a70470,0x000000008b600000)
 Metaspace       used 67995K, capacity 70934K, committed 71256K, reserved 1110016K
  class space    used 9209K, capacity 9800K, committed 9856K, reserved 1048576K
Event: 81.103 GC heap after
Heap after GC invocations=22 (full 5):
 PSYoungGen      total 182272K, used 0K [0x00000000d5580000, 0x00000000e2c80000, 0x0000000100000000)
  eden space 154624K, 0% used [0x00000000d5580000,0x00000000d5580000,0x00000000dec80000)
  from space 27648K, 0% used [0x00000000dec80000,0x00000000dec80000,0x00000000e0780000)
  to   space 18944K, 0% used [0x00000000e0780000,0x00000000e0780000,0x00000000e1a00000)
 ParOldGen       total 186368K, used 104627K [0x0000000080000000, 0x000000008b600000, 0x00000000d5580000)
  object space 186368K, 56% used [0x0000000080000000,0x000000008662cc38,0x000000008b600000)
 Metaspace       used 67995K, capacity 70934K, committed 71256K, reserved 1110016K
  class space    used 9209K, capacity 9800K, committed 9856K, reserved 1048576K
}

